<?xml version="1.0" encoding="UTF-8"?>
<!-- Generated by org.testng.reporters.JUnitReportReporter -->
<testsuite hostname="DESKTOP-4VE77P8" failures="0" tests="1" name="com.ramee.CNC.DeliveryList" time="27.148" errors="0" timestamp="2022-12-28T20:53:03 IST" skipped="0">
  <testcase classname="com.ramee.CNC.DeliveryList" name="OpenDeliveryListAndPrint" time="27.148"/>
  <system-out/>
</testsuite> <!-- com.ramee.CNC.DeliveryList -->
