<?xml version="1.0" encoding="UTF-8"?>
<!-- Generated by org.testng.reporters.JUnitReportReporter -->
<testsuite hostname="DESKTOP-4VE77P8" failures="0" tests="5" name="com.ramee.CNC.Dashboard" time="76.264" errors="0" timestamp="2022-12-27T21:40:37 IST" skipped="0">
  <testcase classname="com.ramee.CNC.Dashboard" name="login" time="6.122"/>
  <system-out/>
  <testcase classname="com.ramee.CNC.Dashboard" name="logout" time="17.488"/>
  <system-out/>
  <testcase classname="com.ramee.CNC.Dashboard" name="viewCalculator" time="17.027"/>
  <system-out/>
  <testcase classname="com.ramee.CNC.Dashboard" name="openProfile" time="18.098"/>
  <system-out/>
  <testcase classname="com.ramee.CNC.Dashboard" name="styleColourChange" time="17.529"/>
  <system-out/>
</testsuite> <!-- com.ramee.CNC.Dashboard -->
